# JRE version: Java(TM) SE Runtime Environment (8.0_121-b13) (build 1.8.0_121-b13)
# Java VM: Java HotSpot(TM) 64-Bit Server VM (25.121-b13 mixed mode windows-amd64 compressed oops)
Heap:
 PSYoungGen      total 134656K, used 59439K [0x00000000f5580000, 0x0000000100000000, 0x0000000100000000)
  eden space 92160K, 47% used [0x00000000f5580000,0x00000000f808fbe0,0x00000000faf80000)
  from space 42496K, 36% used [0x00000000fd680000,0x00000000fe57c2f0,0x0000000100000000)
  to   space 39936K, 0% used [0x00000000faf80000,0x00000000faf80000,0x00000000fd680000)
 ParOldGen       total 227840K, used 151749K [0x00000000e0000000, 0x00000000ede80000, 0x00000000f5580000)
  object space 227840K, 66% used [0x00000000e0000000,0x00000000e94315b0,0x00000000ede80000)
 Metaspace       used 127094K, capacity 139078K, committed 139392K, reserved 1169408K
  class space    used 18251K, capacity 18985K, committed 19072K, reserved 1048576K
GC Heap History (10 events):
Event: 545.304 GC heap before
{Heap before GC invocations=32 (full 5):
 PSYoungGen      total 141312K, used 121088K [0x00000000f5580000, 0x0000000100000000, 0x0000000100000000)
  eden space 111104K, 100% used [0x00000000f5580000,0x00000000fc200000,0x00000000fc200000)
  from space 30208K, 33% used [0x00000000fe280000,0x00000000fec40000,0x0000000100000000)
  to   space 31744K, 0% used [0x00000000fc200000,0x00000000fc200000,0x00000000fe100000)
 ParOldGen       total 121344K, used 97930K [0x00000000e0000000, 0x00000000e7680000, 0x00000000f5580000)
  object space 121344K, 80% used [0x00000000e0000000,0x00000000e5fa2828,0x00000000e7680000)
 Metaspace       used 97365K, capacity 108930K, committed 109184K, reserved 1144832K
  class space    used 13786K, capacity 14459K, committed 14464K, reserved 1048576K
Event: 545.318 GC heap after
Heap after GC invocations=32 (full 5):
 PSYoungGen      total 142848K, used 5095K [0x00000000f5580000, 0x0000000100000000, 0x0000000100000000)
  eden space 111104K, 0% used [0x00000000f5580000,0x00000000f5580000,0x00000000fc200000)
  from space 31744K, 16% used [0x00000000fc200000,0x00000000fc6f9d00,0x00000000fe100000)
  to   space 31232K, 0% used [0x00000000fe180000,0x00000000fe180000,0x0000000100000000)
 ParOldGen       total 121344K, used 105130K [0x00000000e0000000, 0x00000000e7680000, 0x00000000f5580000)
  object space 121344K, 86% used [0x00000000e0000000,0x00000000e66aa828,0x00000000e7680000)
 Metaspace       used 97365K, capacity 108930K, committed 109184K, reserved 1144832K
  class space    used 13786K, capacity 14459K, committed 14464K, reserved 1048576K
}
Event: 550.108 GC heap before
{Heap before GC invocations=33 (full 5):
 PSYoungGen      total 142848K, used 116199K [0x00000000f5580000, 0x0000000100000000, 0x0000000100000000)
  eden space 111104K, 100% used [0x00000000f5580000,0x00000000fc200000,0x00000000fc200000)
  from space 31744K, 16% used [0x00000000fc200000,0x00000000fc6f9d00,0x00000000fe100000)
  to   space 31232K, 0% used [0x00000000fe180000,0x00000000fe180000,0x0000000100000000)
 ParOldGen       total 121344K, used 105130K [0x00000000e0000000, 0x00000000e7680000, 0x00000000f5580000)
  object space 121344K, 86% used [0x00000000e0000000,0x00000000e66aa828,0x00000000e7680000)
 Metaspace       used 109018K, capacity 120952K, committed 121216K, reserved 1153024K
  class space    used 15887K, capacity 16641K, committed 16768K, reserved 1048576K
Event: 550.136 GC heap after
Heap after GC invocations=33 (full 5):
 PSYoungGen      total 126976K, used 31207K [0x00000000f5580000, 0x0000000100000000, 0x0000000100000000)
  eden space 95744K, 0% used [0x00000000f5580000,0x00000000f5580000,0x00000000fb300000)
  from space 31232K, 99% used [0x00000000fe180000,0x00000000ffff9fd0,0x0000000100000000)
  to   space 39424K, 0% used [0x00000000fb300000,0x00000000fb300000,0x00000000fd980000)
 ParOldGen       total 121344K, used 112977K [0x00000000e0000000, 0x00000000e7680000, 0x00000000f5580000)
  object space 121344K, 93% used [0x00000000e0000000,0x00000000e6e54658,0x00000000e7680000)
 Metaspace       used 109018K, capacity 120952K, committed 121216K, reserved 1153024K
  class space    used 15887K, capacity 16641K, committed 16768K, reserved 1048576K
}
Event: 550.136 GC heap before
{Heap before GC invocations=34 (full 6):
 PSYoungGen      total 126976K, used 31207K [0x00000000f5580000, 0x0000000100000000, 0x0000000100000000)
  eden space 95744K, 0% used [0x00000000f5580000,0x00000000f5580000,0x00000000fb300000)
  from space 31232K, 99% used [0x00000000fe180000,0x00000000ffff9fd0,0x0000000100000000)
  to   space 39424K, 0% used [0x00000000fb300000,0x00000000fb300000,0x00000000fd980000)
 ParOldGen       total 121344K, used 112977K [0x00000000e0000000, 0x00000000e7680000, 0x00000000f5580000)
  object space 121344K, 93% used [0x00000000e0000000,0x00000000e6e54658,0x00000000e7680000)
 Metaspace       used 109018K, capacity 120952K, committed 121216K, reserved 1153024K
  class space    used 15887K, capacity 16641K, committed 16768K, reserved 1048576K
Event: 550.814 GC heap after
Heap after GC invocations=34 (full 6):
 PSYoungGen      total 126976K, used 15886K [0x00000000f5580000, 0x0000000100000000, 0x0000000100000000)
  eden space 95744K, 0% used [0x00000000f5580000,0x00000000f5580000,0x00000000fb300000)
  from space 31232K, 50% used [0x00000000fe180000,0x00000000ff103b98,0x0000000100000000)
  to   space 39424K, 0% used [0x00000000fb300000,0x00000000fb300000,0x00000000fd980000)
 ParOldGen       total 227840K, used 121238K [0x00000000e0000000, 0x00000000ede80000, 0x00000000f5580000)
  object space 227840K, 53% used [0x00000000e0000000,0x00000000e7665a58,0x00000000ede80000)
 Metaspace       used 108996K, capacity 120914K, committed 121216K, reserved 1153024K
  class space    used 15881K, capacity 16632K, committed 16768K, reserved 1048576K
}
Event: 557.089 GC heap before
{Heap before GC invocations=35 (full 6):
 PSYoungGen      total 126976K, used 111630K [0x00000000f5580000, 0x0000000100000000, 0x0000000100000000)
  eden space 95744K, 100% used [0x00000000f5580000,0x00000000fb300000,0x00000000fb300000)
  from space 31232K, 50% used [0x00000000fe180000,0x00000000ff103b98,0x0000000100000000)
  to   space 39424K, 0% used [0x00000000fb300000,0x00000000fb300000,0x00000000fd980000)
 ParOldGen       total 227840K, used 121238K [0x00000000e0000000, 0x00000000ede80000, 0x00000000f5580000)
  object space 227840K, 53% used [0x00000000e0000000,0x00000000e7665a58,0x00000000ede80000)
 Metaspace       used 119786K, capacity 131640K, committed 131968K, reserved 1163264K
  class space    used 17264K, capacity 18008K, committed 18048K, reserved 1048576K
Event: 557.150 GC heap after
Heap after GC invocations=35 (full 6):
 PSYoungGen      total 125952K, used 29966K [0x00000000f5580000, 0x0000000100000000, 0x0000000100000000)
  eden space 95744K, 0% used [0x00000000f5580000,0x00000000f5580000,0x00000000fb300000)
  from space 30208K, 99% used [0x00000000fb300000,0x00000000fd043be0,0x00000000fd080000)
  to   space 42496K, 0% used [0x00000000fd680000,0x00000000fd680000,0x0000000100000000)
 ParOldGen       total 227840K, used 131486K [0x00000000e0000000, 0x00000000ede80000, 0x00000000f5580000)
  object space 227840K, 57% used [0x00000000e0000000,0x00000000e8067a88,0x00000000ede80000)
 Metaspace       used 119786K, capacity 131640K, committed 131968K, reserved 1163264K
  class space    used 17264K, capacity 18008K, committed 18048K, reserved 1048576K
}
Event: 563.191 GC heap before
{Heap before GC invocations=36 (full 6):
 PSYoungGen      total 125952K, used 125710K [0x00000000f5580000, 0x0000000100000000, 0x0000000100000000)
  eden space 95744K, 100% used [0x00000000f5580000,0x00000000fb300000,0x00000000fb300000)
  from space 30208K, 99% used [0x00000000fb300000,0x00000000fd043be0,0x00000000fd080000)
  to   space 42496K, 0% used [0x00000000fd680000,0x00000000fd680000,0x0000000100000000)
 ParOldGen       total 227840K, used 131486K [0x00000000e0000000, 0x00000000ede80000, 0x00000000f5580000)
  object space 227840K, 57% used [0x00000000e0000000,0x00000000e8067a88,0x00000000ede80000)
 Metaspace       used 123466K, capacity 135300K, committed 135552K, reserved 1167360K
  class space    used 17719K, capacity 18464K, committed 18560K, reserved 1048576K
Event: 563.228 GC heap after
Heap after GC invocations=36 (full 6):
 PSYoungGen      total 134656K, used 15344K [0x00000000f5580000, 0x0000000100000000, 0x0000000100000000)
  eden space 92160K, 0% used [0x00000000f5580000,0x00000000f5580000,0x00000000faf80000)
  from space 42496K, 36% used [0x00000000fd680000,0x00000000fe57c2f0,0x0000000100000000)
  to   space 39936K, 0% used [0x00000000faf80000,0x00000000faf80000,0x00000000fd680000)
 ParOldGen       total 227840K, used 151749K [0x00000000e0000000, 0x00000000ede80000, 0x00000000f5580000)
  object space 227840K, 66% used [0x00000000e0000000,0x00000000e94315b0,0x00000000ede80000)
 Metaspace       used 123466K, capacity 135300K, committed 135552K, reserved 1167360K
  class space    used 17719K, capacity 18464K, committed 18560K, reserved 1048576K
}

